<?xml version="1.0" encoding="UTF-8"?>
<!-- Generated by org.testng.reporters.JUnitReportReporter -->
<testsuite hostname="MS" failures="0" tests="2" name="TestNG_Demo.TestNGHardAssertion" time="0.002" errors="0" timestamp="2023-02-19T16:46:31 EST" skipped="0">
  <testcase classname="TestNG_Demo.TestNGHardAssertion" name="demoTest" time="0.001"/>
  <system-out/>
  <testcase classname="TestNG_Demo.TestNGHardAssertion" name="demoTest" time="0.001"/>
  <system-out/>
</testsuite> <!-- TestNG_Demo.TestNGHardAssertion -->
