<?xml version="1.0" encoding="UTF-8"?>
<!-- Generated by org.testng.reporters.JUnitReportReporter -->
<testsuite hostname="MS" failures="0" tests="3" name="TestNG_Demo.SkipTestDemo" time="0.007" errors="0" timestamp="2023-02-19T17:11:51 EST" skipped="3">
  <testcase classname="TestNG_Demo.SkipTestDemo" name="skiptest2" time="0.006">
    <skipped/>
  </testcase> <!-- skiptest2 -->
  <system-out/>
  <testcase classname="TestNG_Demo.SkipTestDemo" name="skiptest3" time="0.001">
    <skipped/>
  </testcase> <!-- skiptest3 -->
  <system-out/>
  <testcase classname="TestNG_Demo.SkipTestDemo" name="skiptest1">
    <skipped/>
  </testcase> <!-- skiptest1 -->
  <system-out/>
</testsuite> <!-- TestNG_Demo.SkipTestDemo -->
