<?xml version="1.0" encoding="UTF-8"?>
<!-- Generated by org.testng.reporters.JUnitReportReporter -->
<testsuite hostname="MS" failures="0" tests="3" name="TestNG_Demo.mercury_tours_TestNG" time="0.936" errors="0" timestamp="2023-02-19T16:55:35 EST" skipped="0">
  <testcase classname="TestNG_Demo.mercury_tours_TestNG" name="locatingWebelement" time="0.683"/>
  <system-out/>
  <testcase classname="TestNG_Demo.mercury_tours_TestNG" name="LoginSuccesseful" time="0.005"/>
  <system-out/>
  <testcase classname="TestNG_Demo.mercury_tours_TestNG" name="closingbrowser" time="0.248"/>
  <system-out/>
</testsuite> <!-- TestNG_Demo.mercury_tours_TestNG -->
